2021-05-29 21:51:36,620 - INFO : Easy ERA5 Track Download Tool Start...
2021-05-29 21:51:36,621 - INFO : Read Config...
2021-05-29 21:52:02,504 - INFO : Easy ERA5 Track Download Tool Start...
2021-05-29 21:52:02,505 - INFO : Read Config...
2021-05-29 22:00:28,414 - INFO : Easy ERA5 Track Download Tool Start...
2021-05-29 22:00:28,414 - INFO : Read Config...
2021-05-29 22:03:55,229 - INFO : Easy ERA5 Track Download Tool Start...
2021-05-29 22:03:55,229 - INFO : Read Config...
2021-05-29 22:04:09,327 - INFO : Easy ERA5 Track Download Tool Start...
2021-05-29 22:04:09,327 - INFO : Read Config...
2021-05-29 22:05:32,418 - INFO : Easy ERA5 Track Download Tool Start...
2021-05-29 22:05:32,418 - INFO : Read Config...
2021-05-29 22:05:46,380 - INFO : Easy ERA5 Track Download Tool Start...
2021-05-29 22:05:46,381 - INFO : Read Config...
2021-05-29 22:06:40,756 - INFO : Easy ERA5 Track Download Tool Start...
2021-05-29 22:06:40,756 - INFO : Read Config...
2021-05-29 22:07:23,589 - INFO : Easy ERA5 Track Download Tool Start...
2021-05-29 22:07:23,589 - INFO : Read Config...
2021-05-29 22:14:38,724 - INFO : Easy ERA5 Track Download Tool Start...
2021-05-29 22:14:38,724 - INFO : Read Config...
2021-05-29 22:15:04,478 - INFO : Easy ERA5 Track Download Tool Start...
2021-05-29 22:15:04,478 - INFO : Read Config...
2021-05-29 22:15:56,492 - INFO : Easy ERA5 Track Download Tool Start...
2021-05-29 22:15:56,492 - INFO : Read Config...
2021-05-29 22:16:18,433 - INFO : Easy ERA5 Track Download Tool Start...
2021-05-29 22:16:18,433 - INFO : Read Config...
2021-05-29 22:17:51,492 - INFO : Easy ERA5 Track Download Tool Start...
2021-05-29 22:17:51,493 - INFO : Read Config...
2021-05-29 22:18:01,638 - INFO : 2015-12-20 downloaded...
2021-05-29 22:18:07,467 - INFO : 2015-12-21 downloaded...
2021-05-29 22:20:57,143 - INFO : Easy ERA5 Track Download Tool Start...
2021-05-29 22:20:57,143 - INFO : Read Config...
2021-05-29 22:22:43,211 - INFO : Easy ERA5 Track Download Tool Start...
2021-05-29 22:22:43,211 - INFO : Read Config...
2021-05-29 22:41:03,044 - INFO : 2015-12-20 downloaded...
2021-05-29 22:43:45,123 - INFO : 2015-12-21 downloaded...
2021-05-29 22:46:14,243 - INFO : 2015-12-22 downloaded...
2021-05-29 22:48:42,100 - INFO : 2015-12-23 downloaded...
2021-05-29 22:50:38,235 - INFO : 2015-12-24 downloaded...
2021-05-29 22:53:08,941 - INFO : 2015-12-25 downloaded...
2021-05-29 22:54:36,639 - INFO : 2015-12-26 downloaded...
2021-05-29 22:56:37,852 - INFO : 2015-12-27 downloaded...
2021-05-29 22:58:10,398 - INFO : 2015-12-28 downloaded...
2021-05-29 23:00:37,472 - INFO : 2015-12-29 downloaded...
2021-05-29 23:03:02,579 - INFO : 2015-12-30 downloaded...
2021-05-29 23:29:16,928 - INFO : Easy ERA5 Track Download Tool Start...
2021-05-29 23:29:16,928 - INFO : Read Config...
2021-05-29 23:31:14,126 - INFO : 2015-12-20 downloaded...
2021-05-29 23:33:00,058 - INFO : 2015-12-21 downloaded...
2021-05-29 23:34:45,683 - INFO : 2015-12-22 downloaded...
2021-05-29 23:35:51,100 - INFO : 2015-12-23 downloaded...
2021-05-29 23:37:10,966 - INFO : 2015-12-24 downloaded...
2021-05-29 23:38:37,909 - INFO : 2015-12-25 downloaded...
2021-05-29 23:40:35,833 - INFO : 2015-12-26 downloaded...
2021-05-29 23:41:38,317 - INFO : Easy ERA5 Track Download Tool Start...
2021-05-29 23:41:38,317 - INFO : Read Config...
2021-05-29 23:41:54,817 - INFO : Easy ERA5 Track Download Tool Start...
2021-05-29 23:41:54,818 - INFO : Read Config...
2021-05-29 23:42:18,243 - INFO : Easy ERA5 Track Download Tool Start...
2021-05-29 23:42:18,244 - INFO : Read Config...
2021-05-29 23:42:41,457 - INFO : Easy ERA5 Track Download Tool Start...
2021-05-29 23:42:41,457 - INFO : Read Config...
2021-05-29 23:43:05,271 - INFO : 2015-12-27 downloaded...
2021-05-29 23:44:16,861 - INFO : 2015-12-28 downloaded...
2021-05-29 23:44:19,411 - INFO : Easy ERA5 Track Download Tool Start...
2021-05-29 23:44:19,411 - INFO : Read Config...
2021-05-29 23:44:36,390 - INFO : Easy ERA5 Track Download Tool Start...
2021-05-29 23:44:36,390 - INFO : Read Config...
2021-05-29 23:44:58,011 - INFO : Easy ERA5 Track Download Tool Start...
2021-05-29 23:44:58,012 - INFO : Read Config...
2021-05-29 23:45:23,850 - INFO : Easy ERA5 Track Download Tool Start...
2021-05-29 23:45:23,851 - INFO : Read Config...
2021-05-29 23:45:23,851 - ERROR : lib.cfgparser>>cannot locate:./cases/ant_ice_melt/
2021-05-29 23:45:25,987 - INFO : 2015-12-29 downloaded...
2021-05-29 23:46:58,930 - INFO : 2015-12-30 downloaded...
2021-05-29 23:48:08,604 - INFO : 2015-12-31 downloaded...
2021-05-29 23:49:39,972 - INFO : 2016-01-01 downloaded...
2021-05-29 23:51:15,640 - INFO : 2016-01-02 downloaded...
2021-05-29 23:52:59,394 - INFO : 2016-01-03 downloaded...
2021-05-29 23:54:02,353 - INFO : 2016-01-04 downloaded...
2021-05-29 23:55:30,140 - INFO : 2016-01-05 downloaded...
2021-05-29 23:56:41,476 - INFO : 2016-01-06 downloaded...
2021-05-29 23:57:54,497 - INFO : 2016-01-07 downloaded...
2021-05-29 23:59:20,972 - INFO : 2016-01-08 downloaded...
2021-05-30 00:01:33,089 - INFO : 2016-01-09 downloaded...
2021-05-30 00:03:03,015 - INFO : 2016-01-10 downloaded...
2021-05-30 00:04:22,957 - INFO : 2016-01-11 downloaded...
2021-05-30 00:05:32,329 - INFO : 2016-01-12 downloaded...
2021-05-30 00:06:16,209 - INFO : Easy ERA5 Track Download Tool Start...
2021-05-30 00:06:16,209 - INFO : Read Config...
2021-05-30 00:06:16,211 - ERROR : lib.cfgparser>>cannot locate:./cases/ant_ice_melt/
2021-05-30 00:07:48,410 - INFO : 2016-01-13 downloaded...
2021-05-30 00:09:13,028 - INFO : 2016-01-14 downloaded...
2021-05-30 00:09:30,519 - INFO : Easy ERA5 Track Download Tool Start...
2021-05-30 00:09:30,519 - INFO : Read Config...
2021-05-30 00:10:00,380 - INFO : Easy ERA5 Track Download Tool Start...
2021-05-30 00:10:00,380 - INFO : Read Config...
2021-05-30 00:10:25,623 - INFO : Easy ERA5 Track Download Tool Start...
2021-05-30 00:10:25,624 - INFO : Read Config...
2021-05-30 00:11:46,123 - INFO : 2016-01-15 downloaded...
2021-05-30 00:13:22,920 - INFO : Easy ERA5 Track Download Tool Start...
2021-05-30 00:13:22,920 - INFO : Read Config...
2021-05-30 00:13:42,369 - INFO : 2016-01-16 downloaded...
2021-05-30 00:14:26,946 - INFO : Easy ERA5 Track Download Tool Start...
2021-05-30 00:14:26,947 - INFO : Read Config...
2021-05-30 00:14:26,947 - ERROR : /disk/r127/metctm1/workspace/easy-era5 not found! Please check if config.py has been executed!
2021-05-30 00:14:50,370 - INFO : Easy ERA5 Track Download Tool Start...
2021-05-30 00:14:50,370 - INFO : Read Config...
2021-05-30 00:15:41,120 - INFO : 2016-01-17 downloaded...
2021-05-30 00:17:51,697 - INFO : 2016-01-18 downloaded...
2021-05-30 00:20:22,209 - INFO : 2016-01-19 downloaded...
2021-05-30 00:22:35,357 - INFO : 2016-01-20 downloaded...
2021-05-30 00:24:36,912 - INFO : 2016-01-21 downloaded...
2021-05-30 00:24:36,912 - INFO : All downloading tasks are completed!
2021-05-30 16:05:12,637 - INFO : Easy ERA5 Track Download Tool Start...
2021-05-30 16:05:12,638 - INFO : Read Config...
2021-05-30 16:05:47,902 - INFO : Easy ERA5 Track Download Tool Start...
2021-05-30 16:05:47,902 - INFO : Read Config...
2021-05-30 16:06:50,995 - INFO : Easy ERA5 Track Download Tool Start...
2021-05-30 16:06:50,995 - INFO : Read Config...
2021-05-30 16:07:12,288 - INFO : Easy ERA5 Track Download Tool Start...
2021-05-30 16:07:12,288 - INFO : Read Config...
2021-05-30 16:08:13,561 - INFO : 2015-12-20 downloaded...
2021-05-30 16:09:39,106 - INFO : 2015-12-21 downloaded...
2021-05-30 16:11:53,307 - INFO : 2015-12-22 downloaded...
2021-05-30 16:13:28,873 - INFO : 2015-12-23 downloaded...
2021-05-30 16:14:31,772 - INFO : 2015-12-24 downloaded...
2021-05-30 16:15:40,853 - INFO : 2015-12-25 downloaded...
2021-05-30 16:16:37,089 - INFO : 2015-12-26 downloaded...
2021-05-30 16:17:33,523 - INFO : 2015-12-27 downloaded...
2021-05-30 16:18:36,476 - INFO : 2015-12-28 downloaded...
2021-05-30 16:19:33,927 - INFO : 2015-12-29 downloaded...
2021-05-30 16:21:33,645 - INFO : 2015-12-30 downloaded...
2021-05-30 16:22:53,063 - INFO : 2015-12-31 downloaded...
2021-05-30 16:23:56,048 - INFO : 2016-01-01 downloaded...
2021-05-30 16:25:01,513 - INFO : 2016-01-02 downloaded...
2021-05-30 16:26:12,968 - INFO : 2016-01-03 downloaded...
2021-05-30 16:27:18,119 - INFO : 2016-01-04 downloaded...
2021-05-30 16:28:29,499 - INFO : 2016-01-05 downloaded...
2021-05-30 16:29:53,249 - INFO : 2016-01-06 downloaded...
2021-05-30 16:31:52,225 - INFO : 2016-01-07 downloaded...
2021-05-30 16:33:08,493 - INFO : 2016-01-08 downloaded...
2021-05-30 16:34:12,382 - INFO : 2016-01-09 downloaded...
2021-05-30 16:35:36,848 - INFO : 2016-01-10 downloaded...
2021-05-30 16:36:42,182 - INFO : 2016-01-11 downloaded...
2021-05-30 16:37:37,480 - INFO : 2016-01-12 downloaded...
2021-05-30 16:38:47,041 - INFO : 2016-01-13 downloaded...
2021-05-30 16:40:48,436 - INFO : 2016-01-14 downloaded...
2021-05-30 16:42:38,157 - INFO : 2016-01-15 downloaded...
2021-05-30 16:43:37,619 - INFO : 2016-01-16 downloaded...
2021-05-30 16:44:48,235 - INFO : 2016-01-17 downloaded...
2021-05-30 16:45:53,281 - INFO : 2016-01-18 downloaded...
2021-05-30 16:46:53,177 - INFO : 2016-01-19 downloaded...
2021-05-30 16:48:02,881 - INFO : 2016-01-20 downloaded...
2021-05-30 16:49:10,160 - INFO : 2016-01-21 downloaded...
2021-05-30 16:49:10,160 - INFO : All downloading tasks are completed!
2021-05-31 15:28:26,391 - INFO : Easy ERA5 Track Download Tool Start...
2021-05-31 15:28:26,392 - INFO : Read Config...
2021-05-31 15:28:44,225 - INFO : 2015-12-20 downloaded...
2021-05-31 15:28:59,269 - INFO : 2015-12-21 downloaded...
2021-05-31 15:28:59,270 - INFO : All downloading tasks are completed!
2021-05-31 15:30:14,055 - INFO : Easy ERA5 Track Download Tool Start...
2021-05-31 15:30:14,055 - INFO : Read Config...
2021-05-31 15:30:20,640 - INFO : 2015-12-20 downloaded...
2021-05-31 15:30:25,141 - INFO : 2015-12-21 downloaded...
2021-05-31 15:30:25,142 - INFO : All downloading tasks are completed!
2021-06-06 09:51:03,382 - INFO : Easy ERA5 Track Download Tool Start...
2021-06-06 09:51:03,390 - INFO : Read Config...
2021-06-06 09:51:03,392 - ERROR :  not found! Please check if config.py has been executed!
2021-06-06 09:51:03,392 - ERROR : Abnormal termination of Easy ERA5 Trac!
2021-06-06 09:51:33,760 - INFO : Easy ERA5 Track Download Tool Start...
2021-06-06 09:51:33,760 - INFO : Read Config...
2021-06-06 09:55:21,340 - INFO : 2004-12-29 downloaded...
2021-06-06 09:58:19,986 - INFO : 2004-12-30 downloaded...
2021-06-06 10:00:36,453 - INFO : 2004-12-31 downloaded...
2021-06-06 10:04:00,967 - INFO : 2005-01-01 downloaded...
2021-06-06 10:09:30,801 - INFO : 2005-01-02 downloaded...
2021-06-06 10:15:10,005 - INFO : 2005-01-03 downloaded...
2021-06-06 10:15:10,006 - INFO : All downloading tasks are completed!
2021-12-01 22:45:31,777 - INFO : Easy ERA5 Track Download Tool Start...
2021-12-01 22:45:31,797 - INFO : Read Config...
2021-12-01 23:09:42,492 - INFO : Easy ERA5 Track Download Tool Start...
2021-12-01 23:09:42,492 - INFO : Read Config...
2021-12-01 23:11:48,256 - INFO : 2015-12-20 downloaded...
2021-12-01 23:23:23,613 - INFO : Easy ERA5 Track Download Tool Start...
2021-12-01 23:23:23,613 - INFO : Read Config...
2022-06-15 11:26:42,999 - INFO : Easy ERA5 Track Download Tool Start...
2022-06-15 11:26:43,007 - INFO : Read Config...
2022-06-15 11:42:54,780 - INFO : Easy ERA5 Track Download Tool Start...
2022-06-15 11:42:54,780 - INFO : Read Config...
2022-06-15 11:43:38,625 - INFO : 2020-12-25 downloaded...
2022-06-15 12:04:21,793 - INFO : 2020-12-26 downloaded...
2022-06-15 12:23:02,685 - INFO : 2020-12-27 downloaded...
2022-06-15 12:37:53,980 - INFO : 2020-12-28 downloaded...
2022-06-15 12:51:03,918 - INFO : 2020-12-29 downloaded...
2022-06-15 13:03:41,125 - INFO : 2020-12-30 downloaded...
2022-06-15 13:18:18,384 - INFO : 2020-12-31 downloaded...
2022-06-15 13:31:19,430 - INFO : 2021-01-01 downloaded...
2022-06-15 13:41:56,684 - INFO : 2021-01-02 downloaded...
2022-06-15 13:56:37,156 - INFO : 2021-01-03 downloaded...
2022-06-15 14:13:32,805 - INFO : 2021-01-04 downloaded...
2022-06-15 14:43:16,555 - INFO : 2021-01-05 downloaded...
2022-06-15 15:16:10,208 - INFO : 2021-01-06 downloaded...
2022-06-15 15:57:48,303 - INFO : 2021-01-07 downloaded...
2022-06-15 16:48:48,574 - INFO : 2021-01-08 downloaded...
2022-06-15 17:50:44,562 - INFO : 2021-01-09 downloaded...
2022-06-15 18:56:30,768 - INFO : 2021-01-10 downloaded...
2022-06-15 20:10:10,510 - INFO : 2021-01-11 downloaded...
2022-06-15 21:12:13,492 - INFO : 2021-01-12 downloaded...
2022-06-15 22:08:22,637 - INFO : 2021-01-13 downloaded...
2022-06-15 22:59:19,666 - INFO : 2021-01-14 downloaded...
2022-06-15 23:48:17,196 - INFO : 2021-01-15 downloaded...
2022-06-16 00:29:12,608 - INFO : 2021-01-16 downloaded...
2022-06-16 01:02:26,831 - INFO : 2021-01-17 downloaded...
2022-06-16 01:37:17,121 - INFO : 2021-01-18 downloaded...
2022-06-16 02:08:01,704 - INFO : 2021-01-19 downloaded...
2022-06-16 02:35:12,065 - INFO : 2021-01-20 downloaded...
2022-06-16 03:02:17,214 - INFO : 2021-01-21 downloaded...
2022-06-16 03:29:06,003 - INFO : 2021-01-22 downloaded...
2022-06-16 03:52:26,788 - INFO : 2021-01-23 downloaded...
2022-06-16 04:09:46,220 - INFO : 2021-01-24 downloaded...
2022-06-16 04:24:28,124 - INFO : 2021-01-25 downloaded...
2022-06-16 04:41:55,641 - INFO : 2021-01-26 downloaded...
2022-06-16 04:55:16,187 - INFO : 2021-01-27 downloaded...
2022-06-16 05:08:38,680 - INFO : 2021-01-28 downloaded...
2022-06-16 05:19:18,507 - INFO : 2021-01-29 downloaded...
2022-06-16 05:28:46,335 - INFO : 2021-01-30 downloaded...
2022-06-16 05:38:14,188 - INFO : 2021-01-31 downloaded...
2022-06-16 05:45:08,058 - INFO : 2021-02-01 downloaded...
2022-06-16 05:52:30,136 - INFO : 2021-02-02 downloaded...
2022-06-16 05:59:03,690 - INFO : 2021-02-03 downloaded...
2022-06-16 06:06:26,428 - INFO : 2021-02-04 downloaded...
2022-06-16 06:12:06,330 - INFO : 2021-02-05 downloaded...
2022-06-16 06:17:16,438 - INFO : 2021-02-06 downloaded...
2022-06-16 06:22:26,130 - INFO : 2021-02-07 downloaded...
2022-06-16 06:27:29,801 - INFO : 2021-02-08 downloaded...
2022-06-16 06:31:23,529 - INFO : 2021-02-09 downloaded...
2022-06-16 06:34:27,793 - INFO : 2021-02-10 downloaded...
2022-06-16 06:35:58,577 - INFO : 2021-02-11 downloaded...
2022-06-16 06:37:27,980 - INFO : 2021-02-12 downloaded...
2022-06-16 06:44:55,249 - INFO : 2021-02-13 downloaded...
2022-06-16 06:47:00,496 - INFO : 2021-02-14 downloaded...
2022-06-16 06:49:03,332 - INFO : 2021-02-15 downloaded...
2022-06-16 06:51:20,505 - INFO : 2021-02-16 downloaded...
2022-06-16 06:53:24,460 - INFO : 2021-02-17 downloaded...
2022-06-16 06:54:26,172 - INFO : 2021-02-18 downloaded...
2022-06-16 07:01:40,487 - INFO : 2021-02-19 downloaded...
2022-06-16 07:03:12,693 - INFO : 2021-02-20 downloaded...
2022-06-16 07:05:16,776 - INFO : 2021-02-21 downloaded...
2022-06-16 07:06:46,654 - INFO : 2021-02-22 downloaded...
2022-06-16 07:13:19,734 - INFO : 2021-02-23 downloaded...
2022-06-16 07:13:48,683 - INFO : 2021-02-24 downloaded...
2022-06-16 07:14:56,901 - INFO : 2021-02-25 downloaded...
2022-06-16 07:16:04,684 - INFO : 2021-02-26 downloaded...
2022-06-16 07:16:28,549 - INFO : 2021-02-27 downloaded...
2022-06-16 07:17:21,315 - INFO : 2021-02-28 downloaded...
2022-06-16 07:17:47,765 - INFO : 2021-03-01 downloaded...
2022-06-16 07:19:03,000 - INFO : 2021-03-02 downloaded...
2022-06-16 07:20:26,029 - INFO : 2021-03-03 downloaded...
2022-06-16 07:21:33,508 - INFO : 2021-03-04 downloaded...
2022-06-16 07:22:22,862 - INFO : 2021-03-05 downloaded...
2022-06-16 07:23:00,125 - INFO : 2021-03-06 downloaded...
2022-06-16 07:23:19,873 - INFO : 2021-03-07 downloaded...
2022-06-16 07:24:10,413 - INFO : 2021-03-08 downloaded...
2022-06-16 07:24:43,365 - INFO : 2021-03-09 downloaded...
2022-06-16 07:26:13,334 - INFO : 2021-03-10 downloaded...
2022-06-16 07:27:26,081 - INFO : 2021-03-11 downloaded...
2022-06-16 07:27:54,063 - INFO : 2021-03-12 downloaded...
2022-06-16 07:28:19,538 - INFO : 2021-03-13 downloaded...
2022-06-16 07:28:49,666 - INFO : 2021-03-14 downloaded...
2022-06-16 07:30:08,415 - INFO : 2021-03-15 downloaded...
2022-06-16 07:30:33,630 - INFO : 2021-03-16 downloaded...
2022-06-16 07:31:37,788 - INFO : 2021-03-17 downloaded...
2022-06-16 07:33:03,493 - INFO : 2021-03-18 downloaded...
2022-06-16 07:34:24,837 - INFO : 2021-03-19 downloaded...
2022-06-16 07:34:54,762 - INFO : 2021-03-20 downloaded...
2022-06-16 07:35:22,448 - INFO : 2021-03-21 downloaded...
2022-06-16 07:36:26,328 - INFO : 2021-03-22 downloaded...
2022-06-16 07:36:53,073 - INFO : 2021-03-23 downloaded...
2022-06-16 07:37:17,687 - INFO : 2021-03-24 downloaded...
2022-06-16 07:38:32,852 - INFO : 2021-03-25 downloaded...
2022-06-16 07:39:39,246 - INFO : 2021-03-26 downloaded...
2022-06-16 07:40:10,265 - INFO : 2021-03-27 downloaded...
2022-06-16 07:42:02,742 - INFO : 2021-03-28 downloaded...
2022-06-16 07:43:03,190 - INFO : 2021-03-29 downloaded...
2022-06-16 07:44:05,017 - INFO : 2021-03-30 downloaded...
2022-06-16 07:44:44,599 - INFO : 2021-03-31 downloaded...
2022-06-16 07:46:11,869 - INFO : 2021-04-01 downloaded...
2022-06-16 07:46:52,789 - INFO : 2021-04-02 downloaded...
2022-06-16 07:47:43,320 - INFO : 2021-04-03 downloaded...
2022-06-16 07:48:18,545 - INFO : 2021-04-04 downloaded...
2022-06-16 07:49:44,295 - INFO : 2021-04-05 downloaded...
2022-06-16 07:52:34,608 - INFO : 2021-04-06 downloaded...
2022-06-16 07:53:51,119 - INFO : 2021-04-07 downloaded...
2022-06-16 07:54:42,289 - INFO : 2021-04-08 downloaded...
2022-06-16 07:55:32,022 - INFO : 2021-04-09 downloaded...
2022-06-16 08:00:22,459 - INFO : 2021-04-10 downloaded...
2022-06-16 08:01:43,603 - INFO : 2021-04-11 downloaded...
2022-06-16 08:02:59,282 - INFO : 2021-04-12 downloaded...
2022-06-16 08:03:42,602 - INFO : 2021-04-13 downloaded...
2022-06-16 08:04:57,928 - INFO : 2021-04-14 downloaded...
2022-06-16 08:05:44,025 - INFO : 2021-04-15 downloaded...
2022-06-16 08:07:22,468 - INFO : 2021-04-16 downloaded...
2022-06-16 08:08:05,123 - INFO : 2021-04-17 downloaded...
2022-06-16 08:09:11,157 - INFO : 2021-04-18 downloaded...
2022-06-16 08:10:08,994 - INFO : 2021-04-19 downloaded...
2022-06-16 08:11:05,966 - INFO : 2021-04-20 downloaded...
2022-06-16 08:11:46,398 - INFO : 2021-04-21 downloaded...
2022-06-16 08:12:48,604 - INFO : 2021-04-22 downloaded...
2022-06-16 08:17:18,699 - INFO : 2021-04-23 downloaded...
2022-06-16 08:20:54,726 - INFO : 2021-04-24 downloaded...
2022-06-16 08:21:20,517 - INFO : 2021-04-25 downloaded...
2022-06-16 08:21:51,228 - INFO : 2021-04-26 downloaded...
2022-06-16 08:23:10,429 - INFO : 2021-04-27 downloaded...
2022-06-16 08:24:15,585 - INFO : 2021-04-28 downloaded...
2022-06-16 08:24:46,505 - INFO : 2021-04-29 downloaded...
2022-06-16 08:25:08,821 - INFO : 2021-04-30 downloaded...
2022-06-16 08:26:39,601 - INFO : 2021-05-01 downloaded...
2022-06-16 08:27:39,523 - INFO : 2021-05-02 downloaded...
2022-06-16 08:28:12,367 - INFO : 2021-05-03 downloaded...
2022-06-16 08:28:37,394 - INFO : 2021-05-04 downloaded...
2022-06-16 08:29:09,866 - INFO : 2021-05-05 downloaded...
2022-06-16 08:29:43,183 - INFO : 2021-05-06 downloaded...
2022-06-16 08:31:51,333 - INFO : 2021-05-07 downloaded...
2022-06-16 08:32:29,459 - INFO : 2021-05-08 downloaded...
2022-06-16 08:33:07,775 - INFO : 2021-05-09 downloaded...
2022-06-16 08:33:45,975 - INFO : 2021-05-10 downloaded...
2022-06-16 08:35:19,905 - INFO : 2021-05-11 downloaded...
2022-06-16 08:36:33,643 - INFO : 2021-05-12 downloaded...
2022-06-16 08:37:02,533 - INFO : 2021-05-13 downloaded...
2022-06-16 08:38:41,827 - INFO : 2021-05-14 downloaded...
2022-06-16 08:39:06,773 - INFO : 2021-05-15 downloaded...
2022-06-16 08:46:02,815 - INFO : 2021-05-16 downloaded...
2022-06-16 08:46:51,657 - INFO : 2021-05-17 downloaded...
2022-06-16 08:47:26,997 - INFO : 2021-05-18 downloaded...
2022-06-16 08:48:35,291 - INFO : 2021-05-19 downloaded...
2022-06-16 08:49:49,747 - INFO : 2021-05-20 downloaded...
2022-06-16 08:50:38,641 - INFO : 2021-05-21 downloaded...
2022-06-16 08:51:02,499 - INFO : 2021-05-22 downloaded...
2022-06-16 08:58:29,972 - INFO : 2021-05-23 downloaded...
2022-06-16 08:59:38,399 - INFO : 2021-05-24 downloaded...
2022-06-16 09:06:42,945 - INFO : 2021-05-25 downloaded...
2022-06-16 09:08:57,181 - INFO : 2021-05-26 downloaded...
2022-06-16 09:12:08,919 - INFO : 2021-05-27 downloaded...
2022-06-16 09:14:22,008 - INFO : 2021-05-28 downloaded...
2022-06-16 09:17:13,388 - INFO : 2021-05-29 downloaded...
2022-06-16 09:18:47,817 - INFO : 2021-05-30 downloaded...
2022-06-16 09:23:19,268 - INFO : 2021-05-31 downloaded...
2022-06-16 09:23:42,719 - INFO : 2021-06-01 downloaded...
2022-06-16 09:24:08,673 - INFO : 2021-06-02 downloaded...
2022-06-16 09:27:23,015 - INFO : 2021-06-03 downloaded...
2022-06-16 09:27:54,341 - INFO : 2021-06-04 downloaded...
2022-06-16 09:28:20,638 - INFO : 2021-06-05 downloaded...
2022-06-16 09:28:46,666 - INFO : 2021-06-06 downloaded...
2022-06-16 09:29:14,568 - INFO : 2021-06-07 downloaded...
2022-06-16 09:34:35,237 - INFO : 2021-06-08 downloaded...
2022-06-16 09:35:05,376 - INFO : 2021-06-09 downloaded...
2022-06-16 09:35:33,117 - INFO : 2021-06-10 downloaded...
2022-06-16 09:36:00,124 - INFO : 2021-06-11 downloaded...
2022-06-16 09:37:16,752 - INFO : 2021-06-12 downloaded...
2022-06-16 09:38:35,658 - INFO : 2021-06-13 downloaded...
2022-06-16 09:40:20,825 - INFO : 2021-06-14 downloaded...
2022-06-16 09:41:54,086 - INFO : 2021-06-15 downloaded...
2022-06-16 09:42:19,747 - INFO : 2021-06-16 downloaded...
2022-06-16 09:42:43,398 - INFO : 2021-06-17 downloaded...
2022-06-16 09:43:36,193 - INFO : 2021-06-18 downloaded...
2022-06-16 09:49:09,537 - INFO : 2021-06-19 downloaded...
2022-06-16 09:50:36,249 - INFO : 2021-06-20 downloaded...
2022-06-16 09:51:00,165 - INFO : 2021-06-21 downloaded...
2022-06-16 09:52:16,651 - INFO : 2021-06-22 downloaded...
2022-06-16 09:53:51,354 - INFO : 2021-06-23 downloaded...
2022-06-16 09:55:36,141 - INFO : 2021-06-24 downloaded...
2022-06-16 10:02:29,407 - INFO : 2021-06-25 downloaded...
2022-06-16 10:03:14,215 - INFO : 2021-06-26 downloaded...
2022-06-16 10:03:44,247 - INFO : 2021-06-27 downloaded...
2022-06-16 10:05:21,838 - INFO : 2021-06-28 downloaded...
2022-06-16 10:06:41,206 - INFO : 2021-06-29 downloaded...
2022-06-16 10:08:03,669 - INFO : 2021-06-30 downloaded...
2022-06-16 10:08:59,793 - INFO : 2021-07-01 downloaded...
2022-06-16 10:10:00,352 - INFO : 2021-07-02 downloaded...
2022-06-16 10:11:10,078 - INFO : 2021-07-03 downloaded...
2022-06-16 10:12:27,392 - INFO : 2021-07-04 downloaded...
2022-06-16 10:13:51,896 - INFO : 2021-07-05 downloaded...
2022-06-16 10:15:09,953 - INFO : 2021-07-06 downloaded...
2022-06-16 10:15:57,931 - INFO : 2021-07-07 downloaded...
2022-06-16 10:16:43,276 - INFO : 2021-07-08 downloaded...
2022-06-16 10:17:48,739 - INFO : 2021-07-09 downloaded...
2022-06-16 10:24:45,174 - INFO : 2021-07-10 downloaded...
2022-06-16 10:31:54,719 - INFO : 2021-07-11 downloaded...
2022-06-16 10:32:51,521 - INFO : 2021-07-12 downloaded...
2022-06-16 10:33:54,677 - INFO : 2021-07-13 downloaded...
2022-06-16 10:35:10,577 - INFO : 2021-07-14 downloaded...
2022-06-16 10:36:32,504 - INFO : 2021-07-15 downloaded...
2022-06-16 10:37:40,756 - INFO : 2021-07-16 downloaded...
2022-06-16 10:39:04,033 - INFO : 2021-07-17 downloaded...
2022-06-16 10:39:38,292 - INFO : 2021-07-18 downloaded...
2022-06-16 10:40:05,669 - INFO : 2021-07-19 downloaded...
2022-06-16 10:41:23,684 - INFO : 2021-07-20 downloaded...
2022-06-16 10:42:31,570 - INFO : 2021-07-21 downloaded...
2022-06-16 10:43:10,153 - INFO : 2021-07-22 downloaded...
2022-06-16 10:43:34,296 - INFO : 2021-07-23 downloaded...
2022-06-16 10:44:23,230 - INFO : 2021-07-24 downloaded...
2022-06-16 10:51:00,440 - INFO : 2021-07-25 downloaded...
2022-06-16 10:51:27,070 - INFO : 2021-07-26 downloaded...
2022-06-16 10:52:46,387 - INFO : 2021-07-27 downloaded...
2022-06-16 10:54:28,314 - INFO : 2021-07-28 downloaded...
2022-06-16 10:56:40,263 - INFO : 2021-07-29 downloaded...
2022-06-16 10:57:28,135 - INFO : 2021-07-30 downloaded...
2022-06-16 11:04:36,822 - INFO : 2021-07-31 downloaded...
2022-06-16 11:05:49,749 - INFO : 2021-08-01 downloaded...
2022-06-16 11:12:44,746 - INFO : 2021-08-02 downloaded...
2022-06-16 11:13:33,169 - INFO : 2021-08-03 downloaded...
2022-06-16 11:20:57,158 - INFO : 2021-08-04 downloaded...
2022-06-16 11:22:27,004 - INFO : 2021-08-05 downloaded...
2022-06-16 11:24:05,784 - INFO : 2021-08-06 downloaded...
2022-06-16 11:25:35,905 - INFO : 2021-08-07 downloaded...
2022-06-16 11:34:29,102 - INFO : 2021-08-08 downloaded...
2022-06-16 11:37:46,280 - INFO : 2021-08-09 downloaded...
2022-06-16 11:39:59,511 - INFO : 2021-08-10 downloaded...
2022-06-16 11:43:04,405 - INFO : 2021-08-11 downloaded...
2022-06-16 11:46:31,420 - INFO : 2021-08-12 downloaded...
2022-06-16 11:49:36,092 - INFO : 2021-08-13 downloaded...
2022-06-16 11:52:13,517 - INFO : 2021-08-14 downloaded...
2022-06-16 11:56:07,797 - INFO : 2021-08-15 downloaded...
2022-06-16 12:01:04,718 - INFO : 2021-08-16 downloaded...
2022-06-16 12:03:23,065 - INFO : 2021-08-17 downloaded...
2022-06-16 12:06:32,006 - INFO : 2021-08-18 downloaded...
2022-06-16 12:09:39,851 - INFO : 2021-08-19 downloaded...
2022-06-16 12:12:50,311 - INFO : 2021-08-20 downloaded...
2022-06-16 12:23:55,703 - INFO : 2021-08-21 downloaded...
2022-06-16 12:29:29,274 - INFO : 2021-08-22 downloaded...
2022-06-16 12:33:15,854 - INFO : 2021-08-23 downloaded...
2022-06-16 12:35:32,416 - INFO : 2021-08-24 downloaded...
2022-06-16 12:45:50,431 - INFO : 2021-08-25 downloaded...
2022-06-16 12:47:59,306 - INFO : 2021-08-26 downloaded...
2022-06-16 12:49:39,287 - INFO : 2021-08-27 downloaded...
2022-06-16 12:51:15,061 - INFO : 2021-08-28 downloaded...
2022-06-16 12:53:13,822 - INFO : 2021-08-29 downloaded...
2022-06-16 12:54:53,728 - INFO : 2021-08-30 downloaded...
2022-06-16 12:57:12,308 - INFO : 2021-08-31 downloaded...
2022-06-16 12:58:47,392 - INFO : 2021-09-01 downloaded...
2022-06-16 13:05:44,704 - INFO : 2021-09-02 downloaded...
2022-06-16 13:06:33,315 - INFO : 2021-09-03 downloaded...
2022-06-16 13:13:18,796 - INFO : 2021-09-04 downloaded...
2022-06-16 13:15:02,913 - INFO : 2021-09-05 downloaded...
2022-06-16 13:16:53,052 - INFO : 2021-09-06 downloaded...
2022-06-16 13:19:08,530 - INFO : 2021-09-07 downloaded...
2022-06-16 13:21:06,285 - INFO : 2021-09-08 downloaded...
2022-06-16 13:23:38,408 - INFO : 2021-09-09 downloaded...
2022-06-16 13:26:28,635 - INFO : 2021-09-10 downloaded...
2022-06-16 13:30:20,145 - INFO : 2021-09-11 downloaded...
2022-06-16 13:33:28,776 - INFO : 2021-09-12 downloaded...
2022-06-16 13:36:35,808 - INFO : 2021-09-13 downloaded...
2022-06-16 13:38:41,304 - INFO : 2021-09-14 downloaded...
2022-06-16 13:46:05,552 - INFO : 2021-09-15 downloaded...
2022-06-16 13:47:13,959 - INFO : 2021-09-16 downloaded...
2022-06-16 13:49:03,043 - INFO : 2021-09-17 downloaded...
2022-06-16 13:49:51,316 - INFO : 2021-09-18 downloaded...
2022-06-16 13:51:36,235 - INFO : 2021-09-19 downloaded...
2022-06-16 13:52:41,887 - INFO : 2021-09-20 downloaded...
2022-06-16 13:59:28,534 - INFO : 2021-09-21 downloaded...
2022-06-16 14:06:40,171 - INFO : 2021-09-22 downloaded...
2022-06-16 14:08:21,101 - INFO : 2021-09-23 downloaded...
2022-06-16 14:10:59,450 - INFO : 2021-09-24 downloaded...
2022-06-16 14:13:06,809 - INFO : 2021-09-25 downloaded...
2022-06-16 14:15:30,155 - INFO : 2021-09-26 downloaded...
2022-06-16 14:24:48,073 - INFO : 2021-09-27 downloaded...
2022-06-16 14:26:17,180 - INFO : 2021-09-28 downloaded...
2022-06-16 14:27:47,556 - INFO : 2021-09-29 downloaded...
2022-06-16 14:36:48,567 - INFO : 2021-09-30 downloaded...
2022-06-16 14:39:03,492 - INFO : 2021-10-01 downloaded...
2022-06-16 14:41:33,643 - INFO : 2021-10-02 downloaded...
2022-06-16 14:44:10,400 - INFO : 2021-10-03 downloaded...
2022-06-16 14:45:23,636 - INFO : 2021-10-04 downloaded...
2022-06-16 14:47:30,166 - INFO : 2021-10-05 downloaded...
2022-06-16 14:49:04,656 - INFO : 2021-10-06 downloaded...
2022-06-16 14:50:31,952 - INFO : 2021-10-07 downloaded...
2022-06-16 14:52:03,582 - INFO : 2021-10-08 downloaded...
2022-06-16 14:53:14,451 - INFO : 2021-10-09 downloaded...
2022-06-16 14:54:56,319 - INFO : 2021-10-10 downloaded...
2022-06-16 14:57:49,741 - INFO : 2021-10-11 downloaded...
2022-06-16 15:00:15,993 - INFO : 2021-10-12 downloaded...
2022-06-16 15:03:00,395 - INFO : 2021-10-13 downloaded...
2022-06-16 15:05:50,969 - INFO : 2021-10-14 downloaded...
2022-06-16 15:08:03,668 - INFO : 2021-10-15 downloaded...
2022-06-16 15:11:27,694 - INFO : 2021-10-16 downloaded...
2022-06-16 15:14:05,702 - INFO : 2021-10-17 downloaded...
2022-06-16 15:17:48,906 - INFO : 2021-10-18 downloaded...
2022-06-16 15:20:34,330 - INFO : 2021-10-19 downloaded...
2022-06-16 15:22:50,329 - INFO : 2021-10-20 downloaded...
2022-06-16 15:24:58,451 - INFO : 2021-10-21 downloaded...
2022-06-16 15:27:59,779 - INFO : 2021-10-22 downloaded...
2022-06-16 15:31:37,207 - INFO : 2021-10-23 downloaded...
2022-06-16 15:34:42,290 - INFO : 2021-10-24 downloaded...
2022-06-16 15:38:35,033 - INFO : 2021-10-25 downloaded...
2022-06-16 15:42:35,901 - INFO : 2021-10-26 downloaded...
2022-06-16 15:49:06,758 - INFO : 2021-10-27 downloaded...
2022-06-16 15:58:01,373 - INFO : 2021-10-28 downloaded...
2022-06-16 16:08:46,195 - INFO : 2021-10-29 downloaded...
2022-06-16 16:25:59,386 - INFO : 2021-10-30 downloaded...
2022-06-16 16:36:37,041 - INFO : 2021-10-31 downloaded...
2022-06-16 16:56:03,574 - INFO : 2021-11-01 downloaded...
2022-06-16 17:10:43,005 - INFO : 2021-11-02 downloaded...
2022-06-16 17:28:25,319 - INFO : 2021-11-03 downloaded...
2022-06-16 17:49:11,917 - INFO : 2021-11-04 downloaded...
2022-06-16 18:06:00,905 - INFO : 2021-11-05 downloaded...
2022-06-16 18:25:15,735 - INFO : 2021-11-06 downloaded...
2022-06-16 18:46:39,022 - INFO : 2021-11-07 downloaded...
2022-06-16 19:03:25,633 - INFO : 2021-11-08 downloaded...
2022-06-16 19:18:53,223 - INFO : 2021-11-09 downloaded...
2022-06-16 19:33:28,654 - INFO : 2021-11-10 downloaded...
2022-06-16 19:48:10,007 - INFO : 2021-11-11 downloaded...
2022-06-16 20:05:52,047 - INFO : 2021-11-12 downloaded...
2022-06-16 20:27:09,839 - INFO : 2021-11-13 downloaded...
2022-06-16 20:52:09,674 - INFO : 2021-11-14 downloaded...
2022-06-16 21:26:08,446 - INFO : 2021-11-15 downloaded...
2022-06-16 22:00:54,343 - INFO : 2021-11-16 downloaded...
2022-06-16 22:38:45,225 - INFO : 2021-11-17 downloaded...
2022-06-16 23:07:32,116 - INFO : 2021-11-18 downloaded...
2022-06-16 23:32:17,315 - INFO : 2021-11-19 downloaded...
2022-06-17 00:06:06,244 - INFO : 2021-11-20 downloaded...
2022-06-17 00:39:24,372 - INFO : 2021-11-21 downloaded...
2022-06-17 01:16:40,486 - INFO : 2021-11-22 downloaded...
2022-06-17 01:54:04,161 - INFO : 2021-11-23 downloaded...
2022-06-17 02:18:54,890 - INFO : 2021-11-24 downloaded...
2022-06-17 02:36:11,247 - INFO : 2021-11-25 downloaded...
2022-06-17 02:57:45,947 - INFO : 2021-11-26 downloaded...
2022-06-17 03:21:08,689 - INFO : 2021-11-27 downloaded...
2022-06-17 03:46:27,930 - INFO : 2021-11-28 downloaded...
2022-06-17 04:11:54,382 - INFO : 2021-11-29 downloaded...
2022-06-17 04:43:12,244 - INFO : 2021-11-30 downloaded...
2022-06-17 05:12:10,980 - INFO : 2021-12-01 downloaded...
2022-06-17 05:39:27,856 - INFO : 2021-12-02 downloaded...
2022-06-17 06:04:43,200 - INFO : 2021-12-03 downloaded...
2022-06-17 06:27:26,058 - INFO : 2021-12-04 downloaded...
2022-06-17 06:46:05,701 - INFO : 2021-12-05 downloaded...
2022-06-17 07:02:46,629 - INFO : 2021-12-06 downloaded...
2022-06-17 07:13:28,747 - INFO : 2021-12-07 downloaded...
2022-06-17 07:24:37,607 - INFO : 2021-12-08 downloaded...
2022-06-17 07:33:48,811 - INFO : 2021-12-09 downloaded...
2022-06-17 07:40:25,855 - INFO : 2021-12-10 downloaded...
2022-06-17 07:49:28,382 - INFO : 2021-12-11 downloaded...
2022-06-17 07:57:59,533 - INFO : 2021-12-12 downloaded...
2022-06-17 08:06:39,961 - INFO : 2021-12-13 downloaded...
2022-06-17 08:14:03,768 - INFO : 2021-12-14 downloaded...
2022-06-17 08:21:04,433 - INFO : 2021-12-15 downloaded...
2022-06-17 08:26:17,418 - INFO : 2021-12-16 downloaded...
2022-06-17 08:30:54,314 - INFO : 2021-12-17 downloaded...
2022-06-17 08:36:18,862 - INFO : 2021-12-18 downloaded...
2022-06-17 08:40:04,299 - INFO : 2021-12-19 downloaded...
2022-06-17 08:43:09,015 - INFO : 2021-12-20 downloaded...
2022-06-17 08:46:50,475 - INFO : 2021-12-21 downloaded...
2022-06-17 08:51:21,058 - INFO : 2021-12-22 downloaded...
2022-06-17 08:55:52,987 - INFO : 2021-12-23 downloaded...
2022-06-17 09:02:43,245 - INFO : 2021-12-24 downloaded...
2022-06-17 09:09:54,975 - INFO : 2021-12-25 downloaded...
2022-06-17 09:16:34,978 - INFO : 2021-12-26 downloaded...
2022-06-17 09:27:17,930 - INFO : 2021-12-27 downloaded...
2022-06-17 09:38:03,415 - INFO : 2021-12-28 downloaded...
2022-06-17 09:49:40,495 - INFO : 2021-12-29 downloaded...
2022-06-17 10:03:19,588 - INFO : 2021-12-30 downloaded...
2022-06-17 10:20:52,281 - INFO : 2021-12-31 downloaded...
2022-06-17 10:20:52,281 - INFO : All downloading tasks are completed!
